{"/home/caio_mizumoto/Desktop/frontTest/type_react_starwars/src/App.tsx": {"path":"/home/caio_mizumoto/Desktop/frontTest/type_react_starwars/src/App.tsx","all":false,"statementMap":{"0":{"start":{"line":1,"column":0},"end":{"line":1,"column":40}},"1":{"start":{"line":2,"column":0},"end":{"line":2,"column":40}},"2":{"start":{"line":3,"column":0},"end":{"line":3,"column":48}},"3":{"start":{"line":4,"column":0},"end":{"line":4,"column":50}},"4":{"start":{"line":5,"column":0},"end":{"line":5,"column":18}},"6":{"start":{"line":7,"column":0},"end":{"line":7,"column":29}},"7":{"start":{"line":8,"column":0},"end":{"line":8,"column":43}},"8":{"start":{"line":9,"column":0},"end":{"line":9,"column":90}},"10":{"start":{"line":11,"column":0},"end":{"line":11,"column":69}},"11":{"start":{"line":12,"column":0},"end":{"line":12,"column":30}},"12":{"start":{"line":13,"column":0},"end":{"line":13,"column":4}},"14":{"start":{"line":15,"column":0},"end":{"line":15,"column":10}},"15":{"start":{"line":16,"column":0},"end":{"line":16,"column":25}},"16":{"start":{"line":17,"column":0},"end":{"line":17,"column":16}},"17":{"start":{"line":18,"column":0},"end":{"line":18,"column":81}},"18":{"start":{"line":19,"column":0},"end":{"line":19,"column":65}},"19":{"start":{"line":20,"column":0},"end":{"line":20,"column":10}},"21":{"start":{"line":22,"column":0},"end":{"line":22,"column":1}},"23":{"start":{"line":24,"column":0},"end":{"line":24,"column":18}}},"s":{"0":1,"1":1,"2":1,"3":1,"4":1,"6":1,"7":1,"8":1,"10":1,"11":0,"12":0,"14":1,"15":1,"16":1,"17":1,"18":1,"19":1,"21":1,"23":1},"branchMap":{"0":{"type":"branch","line":7,"loc":{"start":{"line":7,"column":22},"end":{"line":22,"column":1}},"locations":[{"start":{"line":7,"column":22},"end":{"line":22,"column":1}}]}},"b":{"0":[1]},"fnMap":{"0":{"name":"App","decl":{"start":{"line":7,"column":22},"end":{"line":22,"column":1}},"loc":{"start":{"line":7,"column":22},"end":{"line":22,"column":1}},"line":7},"1":{"name":"handleSortRequest","decl":{"start":{"line":11,"column":28},"end":{"line":13,"column":4}},"loc":{"start":{"line":11,"column":28},"end":{"line":13,"column":4}},"line":11}},"f":{"0":1,"1":0}}
,"/home/caio_mizumoto/Desktop/frontTest/type_react_starwars/src/main.tsx": {"path":"/home/caio_mizumoto/Desktop/frontTest/type_react_starwars/src/main.tsx","all":true,"statementMap":{"0":{"start":{"line":1,"column":0},"end":{"line":1,"column":34}},"1":{"start":{"line":2,"column":0},"end":{"line":2,"column":45}},"2":{"start":{"line":3,"column":0},"end":{"line":3,"column":20}},"3":{"start":{"line":4,"column":0},"end":{"line":4,"column":27}},"5":{"start":{"line":6,"column":0},"end":{"line":6,"column":52}},"6":{"start":{"line":7,"column":0},"end":{"line":7,"column":14}},"7":{"start":{"line":8,"column":0},"end":{"line":8,"column":11}},"8":{"start":{"line":9,"column":0},"end":{"line":9,"column":16}},"9":{"start":{"line":10,"column":0},"end":{"line":10,"column":1}}},"s":{"0":0,"1":0,"2":0,"3":0,"5":0,"6":0,"7":0,"8":0,"9":0},"branchMap":{"0":{"type":"branch","line":1,"loc":{"start":{"line":1,"column":203},"end":{"line":10,"column":-148}},"locations":[{"start":{"line":1,"column":203},"end":{"line":10,"column":-148}}]}},"b":{"0":[0]},"fnMap":{"0":{"name":"(empty-report)","decl":{"start":{"line":1,"column":203},"end":{"line":10,"column":-148}},"loc":{"start":{"line":1,"column":203},"end":{"line":10,"column":-148}},"line":1}},"f":{"0":0}}
,"/home/caio_mizumoto/Desktop/frontTest/type_react_starwars/src/components/CharacterCard.tsx": {"path":"/home/caio_mizumoto/Desktop/frontTest/type_react_starwars/src/components/CharacterCard.tsx","all":false,"statementMap":{"1":{"start":{"line":2,"column":0},"end":{"line":2,"column":29}},"16":{"start":{"line":17,"column":0},"end":{"line":17,"column":72}},"17":{"start":{"line":18,"column":0},"end":{"line":18,"column":44}},"19":{"start":{"line":20,"column":0},"end":{"line":20,"column":10}},"20":{"start":{"line":21,"column":0},"end":{"line":21,"column":36}},"21":{"start":{"line":22,"column":0},"end":{"line":22,"column":11}},"22":{"start":{"line":23,"column":0},"end":{"line":23,"column":30}},"23":{"start":{"line":24,"column":0},"end":{"line":24,"column":28}},"24":{"start":{"line":25,"column":0},"end":{"line":25,"column":35}},"25":{"start":{"line":26,"column":0},"end":{"line":26,"column":8}},"26":{"start":{"line":27,"column":0},"end":{"line":27,"column":38}},"27":{"start":{"line":28,"column":0},"end":{"line":28,"column":60}},"28":{"start":{"line":29,"column":0},"end":{"line":29,"column":62}},"29":{"start":{"line":30,"column":0},"end":{"line":30,"column":23}},"30":{"start":{"line":31,"column":0},"end":{"line":31,"column":45}},"31":{"start":{"line":32,"column":0},"end":{"line":32,"column":46}},"32":{"start":{"line":33,"column":0},"end":{"line":33,"column":42}},"33":{"start":{"line":34,"column":0},"end":{"line":34,"column":46}},"34":{"start":{"line":35,"column":0},"end":{"line":35,"column":16}},"36":{"start":{"line":37,"column":0},"end":{"line":37,"column":12}},"37":{"start":{"line":38,"column":0},"end":{"line":38,"column":10}},"39":{"start":{"line":40,"column":0},"end":{"line":40,"column":2}},"41":{"start":{"line":42,"column":0},"end":{"line":42,"column":29}}},"s":{"1":1,"16":1,"17":0,"19":0,"20":0,"21":0,"22":0,"23":0,"24":0,"25":0,"26":0,"27":0,"28":0,"29":0,"30":0,"31":0,"32":0,"33":0,"34":0,"36":0,"37":0,"39":0,"41":1},"branchMap":{},"b":{},"fnMap":{"0":{"name":"CharacterCard","decl":{"start":{"line":17,"column":52},"end":{"line":40,"column":2}},"loc":{"start":{"line":17,"column":52},"end":{"line":40,"column":2}},"line":17}},"f":{"0":0}}
,"/home/caio_mizumoto/Desktop/frontTest/type_react_starwars/src/components/Header.tsx": {"path":"/home/caio_mizumoto/Desktop/frontTest/type_react_starwars/src/components/Header.tsx","all":false,"statementMap":{"1":{"start":{"line":2,"column":0},"end":{"line":2,"column":22}},"3":{"start":{"line":4,"column":0},"end":{"line":4,"column":32}},"4":{"start":{"line":5,"column":0},"end":{"line":5,"column":10}},"5":{"start":{"line":6,"column":0},"end":{"line":6,"column":31}},"6":{"start":{"line":7,"column":0},"end":{"line":7,"column":35}},"7":{"start":{"line":8,"column":0},"end":{"line":8,"column":147}},"8":{"start":{"line":9,"column":0},"end":{"line":9,"column":13}},"10":{"start":{"line":11,"column":0},"end":{"line":11,"column":2}},"12":{"start":{"line":13,"column":0},"end":{"line":13,"column":22}}},"s":{"1":1,"3":1,"4":1,"5":1,"6":1,"7":1,"8":1,"10":1,"12":1},"branchMap":{"0":{"type":"branch","line":4,"loc":{"start":{"line":4,"column":25},"end":{"line":11,"column":2}},"locations":[{"start":{"line":4,"column":25},"end":{"line":11,"column":2}}]}},"b":{"0":[1]},"fnMap":{"0":{"name":"Header","decl":{"start":{"line":4,"column":25},"end":{"line":11,"column":2}},"loc":{"start":{"line":4,"column":25},"end":{"line":11,"column":2}},"line":4}},"f":{"0":1}}
,"/home/caio_mizumoto/Desktop/frontTest/type_react_starwars/src/components/MainSection.tsx": {"path":"/home/caio_mizumoto/Desktop/frontTest/type_react_starwars/src/components/MainSection.tsx","all":false,"statementMap":{"0":{"start":{"line":1,"column":0},"end":{"line":1,"column":51}},"1":{"start":{"line":2,"column":0},"end":{"line":2,"column":59}},"2":{"start":{"line":3,"column":0},"end":{"line":3,"column":62}},"3":{"start":{"line":4,"column":0},"end":{"line":4,"column":56}},"4":{"start":{"line":5,"column":0},"end":{"line":5,"column":27}},"11":{"start":{"line":12,"column":0},"end":{"line":12,"column":79}},"12":{"start":{"line":13,"column":0},"end":{"line":13,"column":64}},"13":{"start":{"line":14,"column":0},"end":{"line":14,"column":52}},"14":{"start":{"line":15,"column":0},"end":{"line":15,"column":48}},"15":{"start":{"line":16,"column":0},"end":{"line":16,"column":47}},"16":{"start":{"line":17,"column":0},"end":{"line":17,"column":63}},"18":{"start":{"line":19,"column":0},"end":{"line":19,"column":50}},"19":{"start":{"line":20,"column":0},"end":{"line":20,"column":36}},"21":{"start":{"line":22,"column":0},"end":{"line":22,"column":38}},"22":{"start":{"line":23,"column":0},"end":{"line":23,"column":42}},"23":{"start":{"line":24,"column":0},"end":{"line":24,"column":44}},"24":{"start":{"line":25,"column":0},"end":{"line":25,"column":14}},"25":{"start":{"line":26,"column":0},"end":{"line":26,"column":48}},"26":{"start":{"line":27,"column":0},"end":{"line":27,"column":7}},"27":{"start":{"line":28,"column":0},"end":{"line":28,"column":7}},"28":{"start":{"line":29,"column":0},"end":{"line":29,"column":4}},"30":{"start":{"line":31,"column":0},"end":{"line":31,"column":53}},"31":{"start":{"line":32,"column":0},"end":{"line":32,"column":35}},"32":{"start":{"line":33,"column":0},"end":{"line":33,"column":68}},"33":{"start":{"line":34,"column":0},"end":{"line":34,"column":67}},"34":{"start":{"line":35,"column":0},"end":{"line":35,"column":5}},"35":{"start":{"line":36,"column":0},"end":{"line":36,"column":4}},"37":{"start":{"line":38,"column":0},"end":{"line":38,"column":50}},"38":{"start":{"line":39,"column":0},"end":{"line":39,"column":9}},"39":{"start":{"line":40,"column":0},"end":{"line":40,"column":23}},"41":{"start":{"line":42,"column":0},"end":{"line":42,"column":59}},"42":{"start":{"line":43,"column":0},"end":{"line":43,"column":30}},"43":{"start":{"line":44,"column":0},"end":{"line":44,"column":22}},"44":{"start":{"line":45,"column":0},"end":{"line":45,"column":9}},"47":{"start":{"line":48,"column":0},"end":{"line":48,"column":82}},"50":{"start":{"line":51,"column":0},"end":{"line":51,"column":69}},"51":{"start":{"line":52,"column":0},"end":{"line":52,"column":23}},"52":{"start":{"line":53,"column":0},"end":{"line":53,"column":26}},"53":{"start":{"line":54,"column":0},"end":{"line":54,"column":108}},"54":{"start":{"line":55,"column":0},"end":{"line":55,"column":61}},"55":{"start":{"line":56,"column":0},"end":{"line":56,"column":30}},"56":{"start":{"line":57,"column":0},"end":{"line":57,"column":26}},"57":{"start":{"line":58,"column":0},"end":{"line":58,"column":29}},"58":{"start":{"line":59,"column":0},"end":{"line":59,"column":11}},"59":{"start":{"line":60,"column":0},"end":{"line":60,"column":34}},"61":{"start":{"line":62,"column":0},"end":{"line":62,"column":23}},"62":{"start":{"line":63,"column":0},"end":{"line":63,"column":43}},"63":{"start":{"line":64,"column":0},"end":{"line":64,"column":14}},"64":{"start":{"line":65,"column":0},"end":{"line":65,"column":65}},"65":{"start":{"line":66,"column":0},"end":{"line":66,"column":7}},"68":{"start":{"line":69,"column":0},"end":{"line":69,"column":89}},"69":{"start":{"line":70,"column":0},"end":{"line":70,"column":24}},"70":{"start":{"line":71,"column":0},"end":{"line":71,"column":21}},"71":{"start":{"line":72,"column":0},"end":{"line":72,"column":56}},"72":{"start":{"line":73,"column":0},"end":{"line":73,"column":24}},"73":{"start":{"line":74,"column":0},"end":{"line":74,"column":5}},"74":{"start":{"line":75,"column":0},"end":{"line":75,"column":4}},"76":{"start":{"line":77,"column":0},"end":{"line":77,"column":19}},"77":{"start":{"line":78,"column":0},"end":{"line":78,"column":22}},"78":{"start":{"line":79,"column":0},"end":{"line":79,"column":9}},"80":{"start":{"line":81,"column":0},"end":{"line":81,"column":32}},"81":{"start":{"line":82,"column":0},"end":{"line":82,"column":30}},"82":{"start":{"line":83,"column":0},"end":{"line":83,"column":39}},"83":{"start":{"line":84,"column":0},"end":{"line":84,"column":38}},"84":{"start":{"line":85,"column":0},"end":{"line":85,"column":5}},"85":{"start":{"line":86,"column":0},"end":{"line":86,"column":4}},"87":{"start":{"line":88,"column":0},"end":{"line":88,"column":10}},"88":{"start":{"line":89,"column":0},"end":{"line":89,"column":38}},"89":{"start":{"line":90,"column":0},"end":{"line":90,"column":29}},"90":{"start":{"line":91,"column":0},"end":{"line":91,"column":39}},"91":{"start":{"line":92,"column":0},"end":{"line":92,"column":64}},"92":{"start":{"line":93,"column":0},"end":{"line":93,"column":61}},"93":{"start":{"line":94,"column":0},"end":{"line":94,"column":11}},"94":{"start":{"line":95,"column":0},"end":{"line":95,"column":12}},"95":{"start":{"line":96,"column":0},"end":{"line":96,"column":31}},"96":{"start":{"line":97,"column":0},"end":{"line":97,"column":45}},"97":{"start":{"line":98,"column":0},"end":{"line":98,"column":18}},"98":{"start":{"line":99,"column":0},"end":{"line":99,"column":36}},"99":{"start":{"line":100,"column":0},"end":{"line":100,"column":40}},"100":{"start":{"line":101,"column":0},"end":{"line":101,"column":11}},"102":{"start":{"line":103,"column":0},"end":{"line":103,"column":19}},"103":{"start":{"line":104,"column":0},"end":{"line":104,"column":14}},"105":{"start":{"line":106,"column":0},"end":{"line":106,"column":19}},"106":{"start":{"line":107,"column":0},"end":{"line":107,"column":37}},"107":{"start":{"line":108,"column":0},"end":{"line":108,"column":27}},"108":{"start":{"line":109,"column":0},"end":{"line":109,"column":14}},"110":{"start":{"line":111,"column":0},"end":{"line":111,"column":14}},"112":{"start":{"line":113,"column":0},"end":{"line":113,"column":2}},"114":{"start":{"line":115,"column":0},"end":{"line":115,"column":27}}},"s":{"0":1,"1":1,"2":1,"3":1,"4":1,"11":1,"12":2,"13":2,"14":2,"15":2,"16":2,"18":2,"19":2,"21":0,"22":0,"23":0,"24":0,"25":0,"26":0,"27":0,"28":2,"30":2,"31":2,"32":0,"33":0,"34":2,"35":2,"37":2,"38":1,"39":1,"41":1,"42":1,"43":1,"44":1,"47":0,"50":0,"51":0,"52":0,"53":0,"54":0,"55":0,"56":0,"57":0,"58":0,"59":0,"61":0,"62":0,"63":0,"64":0,"65":0,"68":1,"69":1,"70":1,"71":0,"72":0,"73":0,"74":1,"76":2,"77":1,"78":2,"80":2,"81":0,"82":0,"83":0,"84":0,"85":0,"87":2,"88":2,"89":2,"90":2,"91":2,"92":0,"93":2,"94":2,"95":2,"96":1,"97":1,"98":1,"99":1,"100":1,"102":1,"103":1,"105":2,"106":1,"107":1,"108":1,"110":2,"112":2,"114":1},"branchMap":{"0":{"type":"branch","line":12,"loc":{"start":{"line":12,"column":48},"end":{"line":113,"column":2}},"locations":[{"start":{"line":12,"column":48},"end":{"line":113,"column":2}}]},"1":{"type":"branch","line":96,"loc":{"start":{"line":96,"column":19},"end":{"line":104,"column":14}},"locations":[{"start":{"line":96,"column":19},"end":{"line":104,"column":14}}]},"2":{"type":"branch","line":106,"loc":{"start":{"line":106,"column":7},"end":{"line":109,"column":14}},"locations":[{"start":{"line":106,"column":7},"end":{"line":109,"column":14}}]},"3":{"type":"branch","line":19,"loc":{"start":{"line":19,"column":25},"end":{"line":29,"column":4}},"locations":[{"start":{"line":19,"column":25},"end":{"line":29,"column":4}}]},"4":{"type":"branch","line":20,"loc":{"start":{"line":20,"column":30},"end":{"line":28,"column":7}},"locations":[{"start":{"line":20,"column":30},"end":{"line":28,"column":7}}]},"5":{"type":"branch","line":38,"loc":{"start":{"line":38,"column":25},"end":{"line":75,"column":4}},"locations":[{"start":{"line":38,"column":25},"end":{"line":75,"column":4}}]},"6":{"type":"branch","line":45,"loc":{"start":{"line":45,"column":7},"end":{"line":69,"column":87}},"locations":[{"start":{"line":45,"column":7},"end":{"line":69,"column":87}}]},"7":{"type":"branch","line":71,"loc":{"start":{"line":71,"column":4},"end":{"line":74,"column":5}},"locations":[{"start":{"line":71,"column":4},"end":{"line":74,"column":5}}]},"8":{"type":"branch","line":77,"loc":{"start":{"line":77,"column":12},"end":{"line":79,"column":5}},"locations":[{"start":{"line":77,"column":12},"end":{"line":79,"column":5}}]}},"b":{"0":[2],"1":[1],"2":[1],"3":[2],"4":[0],"5":[1],"6":[0],"7":[0],"8":[1]},"fnMap":{"0":{"name":"MainSection","decl":{"start":{"line":12,"column":48},"end":{"line":113,"column":2}},"loc":{"start":{"line":12,"column":48},"end":{"line":113,"column":2}},"line":12},"1":{"name":"sortCharacters","decl":{"start":{"line":19,"column":25},"end":{"line":29,"column":4}},"loc":{"start":{"line":19,"column":25},"end":{"line":29,"column":4}},"line":19},"2":{"name":"loadCharacters","decl":{"start":{"line":38,"column":25},"end":{"line":75,"column":4}},"loc":{"start":{"line":38,"column":25},"end":{"line":75,"column":4}},"line":38},"3":{"name":"handleLoadMore","decl":{"start":{"line":81,"column":25},"end":{"line":86,"column":4}},"loc":{"start":{"line":81,"column":25},"end":{"line":86,"column":4}},"line":81}},"f":{"0":2,"1":2,"2":1,"3":0}}
,"/home/caio_mizumoto/Desktop/frontTest/type_react_starwars/src/components/Navigation.tsx": {"path":"/home/caio_mizumoto/Desktop/frontTest/type_react_starwars/src/components/Navigation.tsx","all":false,"statementMap":{"1":{"start":{"line":2,"column":0},"end":{"line":2,"column":26}},"8":{"start":{"line":9,"column":0},"end":{"line":9,"column":86}},"9":{"start":{"line":10,"column":0},"end":{"line":10,"column":78}},"10":{"start":{"line":11,"column":0},"end":{"line":11,"column":39}},"11":{"start":{"line":12,"column":0},"end":{"line":12,"column":4}},"13":{"start":{"line":14,"column":0},"end":{"line":14,"column":29}},"14":{"start":{"line":15,"column":0},"end":{"line":15,"column":23}},"16":{"start":{"line":17,"column":0},"end":{"line":17,"column":78}},"17":{"start":{"line":18,"column":0},"end":{"line":18,"column":44}},"18":{"start":{"line":19,"column":0},"end":{"line":19,"column":4}},"20":{"start":{"line":21,"column":0},"end":{"line":21,"column":106}},"21":{"start":{"line":22,"column":0},"end":{"line":22,"column":23}},"22":{"start":{"line":23,"column":0},"end":{"line":23,"column":28}},"23":{"start":{"line":24,"column":0},"end":{"line":24,"column":4}},"25":{"start":{"line":26,"column":0},"end":{"line":26,"column":10}},"26":{"start":{"line":27,"column":0},"end":{"line":27,"column":9}},"27":{"start":{"line":28,"column":0},"end":{"line":28,"column":10}},"28":{"start":{"line":29,"column":0},"end":{"line":29,"column":12}},"29":{"start":{"line":30,"column":0},"end":{"line":30,"column":13}},"30":{"start":{"line":31,"column":0},"end":{"line":31,"column":31}},"31":{"start":{"line":32,"column":0},"end":{"line":32,"column":60}},"32":{"start":{"line":33,"column":0},"end":{"line":33,"column":11}},"34":{"start":{"line":35,"column":0},"end":{"line":35,"column":14}},"35":{"start":{"line":36,"column":0},"end":{"line":36,"column":13}},"36":{"start":{"line":37,"column":0},"end":{"line":37,"column":12}},"37":{"start":{"line":38,"column":0},"end":{"line":38,"column":13}},"38":{"start":{"line":39,"column":0},"end":{"line":39,"column":28}},"39":{"start":{"line":40,"column":0},"end":{"line":40,"column":57}},"40":{"start":{"line":41,"column":0},"end":{"line":41,"column":11}},"42":{"start":{"line":43,"column":0},"end":{"line":43,"column":14}},"43":{"start":{"line":44,"column":0},"end":{"line":44,"column":13}},"44":{"start":{"line":45,"column":0},"end":{"line":45,"column":11}},"45":{"start":{"line":46,"column":0},"end":{"line":46,"column":10}},"46":{"start":{"line":47,"column":0},"end":{"line":47,"column":12}},"47":{"start":{"line":48,"column":0},"end":{"line":48,"column":49}},"48":{"start":{"line":49,"column":0},"end":{"line":49,"column":17}},"49":{"start":{"line":50,"column":0},"end":{"line":50,"column":24}},"50":{"start":{"line":51,"column":0},"end":{"line":51,"column":24}},"51":{"start":{"line":52,"column":0},"end":{"line":52,"column":33}},"52":{"start":{"line":53,"column":0},"end":{"line":53,"column":41}},"53":{"start":{"line":54,"column":0},"end":{"line":54,"column":12}},"54":{"start":{"line":55,"column":0},"end":{"line":55,"column":13}},"55":{"start":{"line":56,"column":0},"end":{"line":56,"column":62}},"56":{"start":{"line":57,"column":0},"end":{"line":57,"column":11}},"57":{"start":{"line":58,"column":0},"end":{"line":58,"column":10}},"59":{"start":{"line":60,"column":0},"end":{"line":60,"column":2}},"61":{"start":{"line":62,"column":0},"end":{"line":62,"column":26}}},"s":{"1":1,"8":1,"9":1,"10":0,"11":0,"13":1,"14":0,"16":0,"17":0,"18":0,"20":1,"21":0,"22":0,"23":0,"25":1,"26":1,"27":1,"28":1,"29":1,"30":1,"31":1,"32":1,"34":1,"35":1,"36":1,"37":1,"38":1,"39":1,"40":1,"42":1,"43":1,"44":1,"45":1,"46":1,"47":1,"48":1,"49":1,"50":1,"51":1,"52":1,"53":1,"54":1,"55":1,"56":1,"57":1,"59":1,"61":1},"branchMap":{"0":{"type":"branch","line":9,"loc":{"start":{"line":9,"column":46},"end":{"line":60,"column":2}},"locations":[{"start":{"line":9,"column":46},"end":{"line":60,"column":2}}]}},"b":{"0":[1]},"fnMap":{"0":{"name":"Navigation","decl":{"start":{"line":9,"column":46},"end":{"line":60,"column":2}},"loc":{"start":{"line":9,"column":46},"end":{"line":60,"column":2}},"line":9},"1":{"name":"handleFilterChange","decl":{"start":{"line":10,"column":29},"end":{"line":12,"column":4}},"loc":{"start":{"line":10,"column":29},"end":{"line":12,"column":4}},"line":10},"2":{"name":"handleClear","decl":{"start":{"line":14,"column":22},"end":{"line":19,"column":4}},"loc":{"start":{"line":14,"column":22},"end":{"line":19,"column":4}},"line":14},"3":{"name":"handleNavClick","decl":{"start":{"line":21,"column":25},"end":{"line":24,"column":4}},"loc":{"start":{"line":21,"column":25},"end":{"line":24,"column":4}},"line":21},"4":{"name":"onClick","decl":{"start":{"line":32,"column":21},"end":{"line":32,"column":60}},"loc":{"start":{"line":32,"column":21},"end":{"line":32,"column":60}},"line":32},"5":{"name":"onClick","decl":{"start":{"line":40,"column":21},"end":{"line":40,"column":57}},"loc":{"start":{"line":40,"column":21},"end":{"line":40,"column":57}},"line":40}},"f":{"0":1,"1":0,"2":0,"3":0,"4":0,"5":0}}
,"/home/caio_mizumoto/Desktop/frontTest/type_react_starwars/src/services/fetchCharacters.ts": {"path":"/home/caio_mizumoto/Desktop/frontTest/type_react_starwars/src/services/fetchCharacters.ts","all":false,"statementMap":{"2":{"start":{"line":3,"column":0},"end":{"line":3,"column":85}},"3":{"start":{"line":4,"column":0},"end":{"line":4,"column":77}},"4":{"start":{"line":5,"column":0},"end":{"line":5,"column":56}},"5":{"start":{"line":6,"column":0},"end":{"line":6,"column":14}},"6":{"start":{"line":7,"column":0},"end":{"line":7,"column":1}},"9":{"start":{"line":10,"column":0},"end":{"line":10,"column":83}},"10":{"start":{"line":11,"column":0},"end":{"line":11,"column":45}},"11":{"start":{"line":12,"column":0},"end":{"line":12,"column":53}},"13":{"start":{"line":14,"column":0},"end":{"line":14,"column":68}},"14":{"start":{"line":15,"column":0},"end":{"line":15,"column":26}},"15":{"start":{"line":16,"column":0},"end":{"line":16,"column":4}},"17":{"start":{"line":18,"column":0},"end":{"line":18,"column":53}},"18":{"start":{"line":19,"column":0},"end":{"line":19,"column":25}},"19":{"start":{"line":20,"column":0},"end":{"line":20,"column":25}},"20":{"start":{"line":21,"column":0},"end":{"line":21,"column":72}},"21":{"start":{"line":22,"column":0},"end":{"line":22,"column":4}},"23":{"start":{"line":24,"column":0},"end":{"line":24,"column":23}},"24":{"start":{"line":25,"column":0},"end":{"line":25,"column":1}}},"s":{"2":1,"3":1,"4":0,"5":0,"6":0,"9":0,"10":0,"11":0,"13":0,"14":0,"15":0,"17":0,"18":0,"19":0,"20":0,"21":0,"23":0,"24":0},"branchMap":{"0":{"type":"branch","line":3,"loc":{"start":{"line":3,"column":0},"end":{"line":7,"column":1}},"locations":[{"start":{"line":3,"column":0},"end":{"line":7,"column":1}}]},"1":{"type":"branch","line":4,"loc":{"start":{"line":4,"column":75},"end":{"line":7,"column":1}},"locations":[{"start":{"line":4,"column":75},"end":{"line":7,"column":1}}]}},"b":{"0":[1],"1":[0]},"fnMap":{"0":{"name":"fetchCharacters","decl":{"start":{"line":3,"column":0},"end":{"line":7,"column":1}},"loc":{"start":{"line":3,"column":0},"end":{"line":7,"column":1}},"line":3},"1":{"name":"fetchAllCharacters","decl":{"start":{"line":10,"column":0},"end":{"line":25,"column":1}},"loc":{"start":{"line":10,"column":0},"end":{"line":25,"column":1}},"line":10}},"f":{"0":1,"1":0}}
,"/home/caio_mizumoto/Desktop/frontTest/type_react_starwars/src/services/fetchPlanets.ts": {"path":"/home/caio_mizumoto/Desktop/frontTest/type_react_starwars/src/services/fetchPlanets.ts","all":false,"statementMap":{"2":{"start":{"line":3,"column":0},"end":{"line":3,"column":60}},"3":{"start":{"line":4,"column":0},"end":{"line":4,"column":9}},"4":{"start":{"line":5,"column":0},"end":{"line":5,"column":70}},"5":{"start":{"line":6,"column":0},"end":{"line":6,"column":27}},"6":{"start":{"line":7,"column":0},"end":{"line":7,"column":55}},"7":{"start":{"line":8,"column":0},"end":{"line":8,"column":9}},"8":{"start":{"line":9,"column":0},"end":{"line":9,"column":60}},"9":{"start":{"line":10,"column":0},"end":{"line":10,"column":28}},"10":{"start":{"line":11,"column":0},"end":{"line":11,"column":21}},"11":{"start":{"line":12,"column":0},"end":{"line":12,"column":56}},"12":{"start":{"line":13,"column":0},"end":{"line":13,"column":20}},"13":{"start":{"line":14,"column":0},"end":{"line":14,"column":5}},"14":{"start":{"line":15,"column":0},"end":{"line":15,"column":2}}},"s":{"2":1,"3":1,"4":1,"5":0,"6":0,"7":0,"8":0,"9":0,"10":0,"11":0,"12":0,"13":0,"14":1},"branchMap":{"0":{"type":"branch","line":3,"loc":{"start":{"line":3,"column":28},"end":{"line":15,"column":2}},"locations":[{"start":{"line":3,"column":28},"end":{"line":15,"column":2}}]},"1":{"type":"branch","line":5,"loc":{"start":{"line":5,"column":68},"end":{"line":14,"column":5}},"locations":[{"start":{"line":5,"column":68},"end":{"line":14,"column":5}}]}},"b":{"0":[1],"1":[0]},"fnMap":{"0":{"name":"fetchPlanets","decl":{"start":{"line":3,"column":28},"end":{"line":15,"column":2}},"loc":{"start":{"line":3,"column":28},"end":{"line":15,"column":2}},"line":3}},"f":{"0":1}}
,"/home/caio_mizumoto/Desktop/frontTest/type_react_starwars/src/test/setup.ts": {"path":"/home/caio_mizumoto/Desktop/frontTest/type_react_starwars/src/test/setup.ts","all":true,"statementMap":{"0":{"start":{"line":1,"column":0},"end":{"line":1,"column":34}},"1":{"start":{"line":2,"column":0},"end":{"line":2,"column":34}},"2":{"start":{"line":3,"column":0},"end":{"line":3,"column":48}},"5":{"start":{"line":6,"column":0},"end":{"line":6,"column":17}},"6":{"start":{"line":7,"column":0},"end":{"line":7,"column":11}},"7":{"start":{"line":8,"column":0},"end":{"line":8,"column":2}}},"s":{"0":0,"1":0,"2":0,"5":0,"6":0,"7":0},"branchMap":{"0":{"type":"branch","line":1,"loc":{"start":{"line":1,"column":0},"end":{"line":8,"column":-71}},"locations":[{"start":{"line":1,"column":0},"end":{"line":8,"column":-71}}]}},"b":{"0":[0]},"fnMap":{"0":{"name":"(empty-report)","decl":{"start":{"line":1,"column":0},"end":{"line":8,"column":-71}},"loc":{"start":{"line":1,"column":0},"end":{"line":8,"column":-71}},"line":1}},"f":{"0":0}}
,"/home/caio_mizumoto/Desktop/frontTest/type_react_starwars/src/types/characters.types.ts": {"path":"/home/caio_mizumoto/Desktop/frontTest/type_react_starwars/src/types/characters.types.ts","all":true,"statementMap":{},"s":{},"branchMap":{"0":{"type":"branch","line":1,"loc":{"start":{"line":1,"column":474},"end":{"line":25,"column":1}},"locations":[{"start":{"line":1,"column":474},"end":{"line":25,"column":1}}]}},"b":{"0":[1]},"fnMap":{"0":{"name":"(empty-report)","decl":{"start":{"line":1,"column":474},"end":{"line":25,"column":1}},"loc":{"start":{"line":1,"column":474},"end":{"line":25,"column":1}},"line":1}},"f":{"0":1}}
,"/home/caio_mizumoto/Desktop/frontTest/type_react_starwars/src/types/planet.types.ts": {"path":"/home/caio_mizumoto/Desktop/frontTest/type_react_starwars/src/types/planet.types.ts","all":true,"statementMap":{},"s":{},"branchMap":{"0":{"type":"branch","line":1,"loc":{"start":{"line":1,"column":476},"end":{"line":23,"column":1}},"locations":[{"start":{"line":1,"column":476},"end":{"line":23,"column":1}}]}},"b":{"0":[1]},"fnMap":{"0":{"name":"(empty-report)","decl":{"start":{"line":1,"column":476},"end":{"line":23,"column":1}},"loc":{"start":{"line":1,"column":476},"end":{"line":23,"column":1}},"line":1}},"f":{"0":1}}
}
